<?xml version="1.0" encoding="UTF-8"?>
<!-- Generated by org.testng.reporters.JUnitReportReporter -->
<testsuite skipped="0" hostname="DR-INDHYD-035" name="Appium_basics.Appium_1st_Test" tests="1" failures="0" timestamp="01 Oct 2018 10:18:48 GMT" time="11.029" errors="0">
  <testcase name="verticall" time="11.029" classname="Appium_basics.Appium_1st_Test"/>
</testsuite> <!-- Appium_basics.Appium_1st_Test -->
